accountsservice
acl
acpi
acpi-call-dkms
adduser
adwaita-icon-theme
aisleriot
alsa-topology-conf
alsa-ucm-conf
alsa-utils
anacron
ant
ant-optional
apache2-bin
apg
apparmor
apt
apt-listchanges
apt-utils
aptitude
aptitude-common
arch-test
aspell
aspell-en
at-spi2-core
atril
atril-common
attr
avahi-autoipd
avahi-daemon
base-files
base-passwd
bash
bash-completion
bc
bind9-dnsutils
bind9-host
bind9-libs:amd64
binutils
binutils-common:amd64
binutils-x86-64-linux-gnu
blueman
bluetooth
bluez
bluez-obexd
brasero
brasero-cdrkit:amd64
brasero-common
bsdextrautils
bsdmainutils
bsdutils
bubblewrap
build-essential
busybox
bzip2
ca-certificates
ca-certificates-java
cabextract
caja
caja-common
calendar
cdrdao
cheese
cheese-common
cinnamon
cinnamon-common
cinnamon-control-center
cinnamon-control-center-data
cinnamon-control-center-goa
cinnamon-core
cinnamon-desktop-data
cinnamon-desktop-environment
cinnamon-l10n
cinnamon-screensaver
cinnamon-session
cinnamon-session-common
cinnamon-settings-daemon
cjs
coinor-libcbc3:amd64
coinor-libcgl1
coinor-libclp1
coinor-libcoinmp1v5:amd64
coinor-libcoinutils3v5
coinor-libosi1v5
colord
colord-data
compton
console-setup
console-setup-linux
coreutils
cpio
cpp
cpp-10
cpp-9
cracklib-runtime
crda
cron
cryptsetup
cryptsetup-bin
cryptsetup-initramfs
cryptsetup-run
cups
cups-browsed
cups-client
cups-common
cups-core-drivers
cups-daemon
cups-filters
cups-filters-core-drivers
cups-ipp-utils
cups-pk-helper
cups-ppdc
cups-server-common
curl
dash
dbeaver-ce
dbus
dbus-user-session
dbus-x11
dconf-cli
dconf-gsettings-backend:amd64
dconf-service
debconf
debconf-i18n
debian-archive-keyring
debian-faq
debian-mate-default-settings
debianutils
debootstrap
default-jre
default-jre-headless
desktop-base
desktop-file-utils
dictionaries-common
diffstat
diffutils
digimend-dkms
dirmngr
discover
discover-data
distro-info-data
dkms
dmidecode
dmsetup
dns-root-data
dnsmasq-base
dnsutils
doc-debian
docbook-xml
dosfstools
dpkg
dpkg-dev
dunst
dvdauthor
e2fsprogs
efibootmgr
eject
emacsen-common
enchant-2
engrampa
engrampa-common
eog
eom
eom-common
ethtool
exfat-fuse
exfat-utils
exim4-base
exim4-config
exim4-daemon-light
expect
fakeroot
fdisk
feh
ffmpeg
ffmpegthumbnailer
fig2dev
file
file-roller
findutils
firebird3.0-common
firebird3.0-common-doc
firebird3.0-server-core:amd64
firebird3.0-utils
firefox-esr
firmware-linux-free
firmware-misc-nonfree
five-or-more
fontconfig
fontconfig-config
fonts-cantarell
fonts-crosextra-caladea
fonts-crosextra-carlito
fonts-dejavu
fonts-dejavu-core
fonts-dejavu-extra
fonts-droid-fallback
fonts-freefont-ttf
fonts-lato
fonts-liberation
fonts-liberation2
fonts-linuxlibertine
fonts-mathjax
fonts-noto
fonts-noto-cjk
fonts-noto-cjk-extra
fonts-noto-color-emoji
fonts-noto-core
fonts-noto-extra
fonts-noto-mono
fonts-noto-ui-core
fonts-noto-ui-extra
fonts-noto-unhinted
fonts-opensymbol
fonts-powerline
fonts-quicksand
fonts-sil-gentium
fonts-sil-gentium-basic
fonts-symbola
fonts-urw-base35
fonts-vlgothic
four-in-a-row
fuse3
g++
g++-10
gawk
gcc
gcc-10
gcc-10-base:amd64
gcc-8-base:amd64
gcc-9
gcc-9-base:amd64
gcr
gdal-data
gdbm-l10n
gdebi
gdebi-core
gdisk
gedit
gedit-common
gedit-plugin-bookmarks
gedit-plugin-bracket-completion
gedit-plugin-character-map
gedit-plugin-code-comment
gedit-plugin-color-picker
gedit-plugin-color-schemer
gedit-plugin-commander
gedit-plugin-draw-spaces
gedit-plugin-find-in-files
gedit-plugin-git
gedit-plugin-join-lines
gedit-plugin-multi-edit
gedit-plugin-session-saver
gedit-plugin-smart-spaces
gedit-plugin-synctex
gedit-plugin-terminal
gedit-plugin-translate
gedit-plugin-word-completion
gedit-plugins
gedit-plugins-common
genisoimage
geoclue-2.0
gettext
gettext-base
ghostscript
gimp
gimp-data
gir1.2-accountsservice-1.0:amd64
gir1.2-atk-1.0:amd64
gir1.2-ayatanaappindicator3-0.1
gir1.2-caribou-1.0
gir1.2-cinnamondesktop-3.0
gir1.2-clutter-1.0:amd64
gir1.2-cmenu-3.0
gir1.2-cogl-1.0:amd64
gir1.2-coglpango-1.0:amd64
gir1.2-cvc-1.0
gir1.2-eom-1.0
gir1.2-freedesktop:amd64
gir1.2-gdesktopenums-3.0:amd64
gir1.2-gdkpixbuf-2.0:amd64
gir1.2-ggit-1.0:amd64
gir1.2-gkbd-3.0:amd64
gir1.2-glib-2.0:amd64
gir1.2-gnomedesktop-3.0:amd64
gir1.2-gst-plugins-base-1.0:amd64
gir1.2-gstreamer-1.0:amd64
gir1.2-gtk-3.0:amd64
gir1.2-gtkclutter-1.0:amd64
gir1.2-gtksource-3.0:amd64
gir1.2-gtksource-4:amd64
gir1.2-gucharmap-2.90:amd64
gir1.2-harfbuzz-0.0:amd64
gir1.2-javascriptcoregtk-4.0:amd64
gir1.2-json-1.0:amd64
gir1.2-keybinder-3.0
gir1.2-matemenu-2.0:amd64
gir1.2-meta-muffin-0.0
gir1.2-nemo-3.0
gir1.2-nm-1.0:amd64
gir1.2-nma-1.0:amd64
gir1.2-notify-0.7:amd64
gir1.2-packagekitglib-1.0
gir1.2-pango-1.0:amd64
gir1.2-peas-1.0:amd64
gir1.2-pluma-1.0
gir1.2-polkit-1.0
gir1.2-rb-3.0:amd64
gir1.2-secret-1:amd64
gir1.2-soup-2.4:amd64
gir1.2-timezonemap-1.0
gir1.2-upowerglib-1.0:amd64
gir1.2-vte-2.91:amd64
gir1.2-webkit2-4.0:amd64
gir1.2-xapp-1.0
gir1.2-xkl-1.0:amd64
gist
git
git-man
gjs
gkbd-capplet
glib-networking:amd64
glib-networking-common
glib-networking-services
gnome-accessibility-themes
gnome-backgrounds
gnome-calculator
gnome-chess
gnome-control-center
gnome-control-center-data
gnome-desktop3-data
gnome-disk-utility
gnome-font-viewer
gnome-games
gnome-icon-theme
gnome-keyring
gnome-keyring-pkcs11:amd64
gnome-klotski
gnome-mahjongg
gnome-mines
gnome-nibbles
gnome-online-accounts
gnome-robots
gnome-screenshot
gnome-settings-daemon
gnome-settings-daemon-common
gnome-sound-recorder
gnome-sudoku
gnome-system-monitor
gnome-taquin
gnome-tetravex
gnome-themes-extra:amd64
gnome-themes-extra-data
gnome-user-docs
gnome-user-share
gnome-video-effects
gnote
gnupg
gnupg-l10n
gnupg-utils
google-chrome-stable
gparted
gparted-common
gpg
gpg-agent
gpg-wks-client
gpg-wks-server
gpgconf
gpgsm
gpgv
grep
groff-base
growisofs
grub-common
grub-efi
grub-efi-amd64
grub-efi-amd64-bin
grub-efi-amd64-signed
grub2-common
gsettings-desktop-schemas
gsfonts
gstreamer1.0-clutter-3.0:amd64
gstreamer1.0-gl:amd64
gstreamer1.0-gtk3:amd64
gstreamer1.0-libav:amd64
gstreamer1.0-nice:amd64
gstreamer1.0-plugins-bad:amd64
gstreamer1.0-plugins-base:amd64
gstreamer1.0-plugins-good:amd64
gstreamer1.0-plugins-ugly:amd64
gstreamer1.0-pulseaudio:amd64
gstreamer1.0-x:amd64
gtk-update-icon-cache
gtk2-engines:amd64
gtk2-engines-murrine:amd64
gtk2-engines-pixbuf:amd64
guile-2.2-libs:amd64
gvfs:amd64
gvfs-backends
gvfs-common
gvfs-daemons
gvfs-fuse
gvfs-libs:amd64
gzip
hddtemp
hdparm
hexchat
hexchat-common
hexchat-perl:amd64
hexchat-plugins:amd64
hexchat-python3:amd64
hicolor-icon-theme
highlight
highlight-common
hitori
hoichess
hostname
htop
hunspell-en-us
hwdata
hyphen-en-us
hyphen-es
i3
i3-wm
i3blocks
i3lock
i3status
i965-va-driver:amd64
iagno
iamerican
ibritish
ibverbs-providers:amd64
ienglish-common
ifupdown
iio-sensor-proxy
imagemagick
imagemagick-6-common
imagemagick-6.q16
init
init-system-helpers
initramfs-tools
initramfs-tools-core
inkscape
installation-report
intel-media-va-driver:amd64
intltool-debian
inxi
ipp-usb
iproute2
iptables
iputils-ping
isc-dhcp-client
isc-dhcp-common
iso-codes
iso-flags-png-320x240
ispell
iw
java-common
javascript-common
kbd
keyboard-configuration
klibc-utils
kmod
krb5-locales
krita
krita-data
krita-gmic
kwayland-data
kwayland-integration:amd64
laptop-detect
less
liba52-0.7.4:amd64
libaa1:amd64
libaacs0:amd64
libabw-0.1-1:amd64
libaccountsservice0:amd64
libacl1:amd64
libactivation-java
libaec0:amd64
libalgorithm-diff-perl
libalgorithm-diff-xs-perl
libalgorithm-merge-perl
libaliased-perl
libamd2:amd64
libamtk-5-0:amd64
libamtk-5-common
libanyevent-i3-perl
libanyevent-perl
libao-common
libao4:amd64
libaom0:amd64
libaopalliance-java
libapache-poi-java
libapache-pom-java
libapache2-mod-dnssd
libapparmor1:amd64
libappindicator3-1:amd64
libappstream4:amd64
libapr1:amd64
libaprutil1:amd64
libaprutil1-dbd-sqlite3:amd64
libaprutil1-ldap:amd64
libapt-inst2.0:amd64
libapt-pkg-perl
libapt-pkg5.0:amd64
libapt-pkg6.0:amd64
libarchive-zip-perl
libarchive13:amd64
libargon2-1:amd64
libargs4j-java
libaribb24-0:amd64
libarmadillo9
libarpack2:amd64
libasan5:amd64
libasan6:amd64
libasm-java
libasound2:amd64
libasound2-data
libasound2-plugins:amd64
libaspell15:amd64
libass9:amd64
libassuan0:amd64
libasync-interrupt-perl
libasync-mergepoint-perl
libasyncns0:amd64
libatasmart4:amd64
libatinject-jsr330-api-java
libatk-bridge2.0-0:amd64
libatk-wrapper-java
libatk-wrapper-java-jni:amd64
libatk1.0-0:amd64
libatk1.0-data
libatkmm-1.6-1v5:amd64
libatomic1:amd64
libatopology2:amd64
libatrildocument3
libatrilview3
libatspi2.0-0:amd64
libattr1:amd64
libaudio2:amd64
libaudit-common
libaudit1:amd64
libauthen-sasl-perl
libavahi-client3:amd64
libavahi-common-data:amd64
libavahi-common3:amd64
libavahi-core7:amd64
libavahi-glib1:amd64
libavahi-gobject0:amd64
libavahi-ui-gtk3-0:amd64
libavc1394-0:amd64
libavcodec58:amd64
libavdevice58:amd64
libavfilter7:amd64
libavformat58:amd64
libavresample4:amd64
libavutil56:amd64
libayatana-appindicator3-1
libayatana-ido3-0.4-0:amd64
libayatana-indicator3-7:amd64
libb-hooks-endofscope-perl
libb-hooks-op-check-perl
libbabl-0.1-0:amd64
libbase-java
libbasicusageenvironment1:amd64
libbcmail-java
libbcpkix-java
libbcprov-java
libbdplus0:amd64
libbinutils:amd64
libblas3:amd64
libblkid1:amd64
libblockdev-crypto2:amd64
libblockdev-fs2:amd64
libblockdev-loop2:amd64
libblockdev-part-err2:amd64
libblockdev-part2:amd64
libblockdev-swap2:amd64
libblockdev-utils2:amd64
libblockdev2:amd64
libbluetooth3:amd64
libbluray2:amd64
libboost-date-time1.71.0:amd64
libboost-filesystem1.71.0:amd64
libboost-iostreams1.71.0:amd64
libboost-locale1.71.0:amd64
libboost-thread1.71.0:amd64
libbrasero-media3-1:amd64
libbrotli1:amd64
libbs2b0:amd64
libbsd0:amd64
libbsh-java
libburn4:amd64
libbz2-1.0:amd64
libc-bin
libc-dev-bin
libc-l10n
libc6:amd64
libc6-dev:amd64
libcaca0:amd64
libcacard0:amd64
libcairo-gobject-perl
libcairo-gobject2:amd64
libcairo-perl
libcairo2:amd64
libcairomm-1.0-1v5:amd64
libcaja-extension1:amd64
libcamd2:amd64
libcanberra-gtk3-0:amd64
libcanberra-gtk3-module:amd64
libcanberra-pulse:amd64
libcanberra0:amd64
libcap-ng0:amd64
libcap2:amd64
libcap2-bin
libcapture-tiny-perl
libcaribou-common
libcaribou0:amd64
libcbor0:amd64
libcc1-0:amd64
libccolamd2:amd64
libcddb2
libcdi-api-java
libcdio-cdda2:amd64
libcdio-paranoia2:amd64
libcdio19:amd64
libcdparanoia0:amd64
libcdr-0.1-1:amd64
libcephfs2
libcfitsio9:amd64
libcglib-java
libcharls2:amd64
libcheese-gtk25:amd64
libcheese8:amd64
libcholmod3:amd64
libchromaprint1:amd64
libcinnamon-control-center1:amd64
libcinnamon-desktop4:amd64
libcinnamon-menu-3-0
libcjs0:amd64
libclass-data-inheritable-perl
libclass-method-modifiers-perl
libclass-xsaccessor-perl
libclone-perl
libclucene-contribs1v5:amd64
libclucene-core1v5:amd64
libclutter-1.0-0:amd64
libclutter-1.0-common
libclutter-gst-3.0-0:amd64
libclutter-gtk-1.0-0:amd64
libcmark0.29.0:amd64
libcmis-0.5-5v5
libcodec2-0.9:amd64
libcodemodel-java
libcogl-common
libcogl-pango20:amd64
libcogl-path20:amd64
libcogl20:amd64
libcolamd2:amd64
libcolord-gtk1:amd64
libcolord2:amd64
libcolorhug2:amd64
libcom-err2:amd64
libcommon-sense-perl
libcommons-cli-java
libcommons-codec-java
libcommons-collections3-java
libcommons-collections4-java
libcommons-compress-java
libcommons-io-java
libcommons-lang3-java
libcommons-logging-java
libcommons-math3-java
libcommons-parent-java
libconfig-tiny-perl
libconfig9:amd64
libconfuse-common
libconfuse2:amd64
libcpanel-json-xs-perl
libcpupower1
libcrack2:amd64
libcroco3:amd64
libcrypt-dev:amd64
libcrypt1:amd64
libcryptsetup12:amd64
libcscreensaver0:amd64
libctf-nobfd0:amd64
libctf0:amd64
libcups2:amd64
libcupsfilters1:amd64
libcurl3-gnutls:amd64
libcurl4:amd64
libcurvesapi-java
libcvc0:amd64
libcwidget4:amd64
libdaemon0:amd64
libdap25:amd64
libdapclient6v5:amd64
libdata-dpath-perl
libdata-dump-perl
libdata-messagepack-perl
libdata-optlist-perl
libdata-validate-domain-perl
libdatrie1:amd64
libdav1d4:amd64
libdb5.3:amd64
libdbus-1-3:amd64
libdbus-glib-1-2:amd64
libdbusmenu-glib4:amd64
libdbusmenu-gtk3-4:amd64
libdc1394-25:amd64
libdca0:amd64
libdconf1:amd64
libde265-0:amd64
libdebconfclient0:amd64
libdevel-callchecker-perl
libdevel-size-perl
libdevel-stacktrace-perl
libdevmapper1.02.1:amd64
libdigest-hmac-perl
libdiscid0:amd64
libdiscover2
libdjvulibre-text
libdjvulibre21:amd64
libdmapsharing-3.0-2:amd64
libdns-export1104
libdns-export1110
libdom4j-java
libdouble-conversion3:amd64
libdpkg-perl
libdrm-amdgpu1:amd64
libdrm-common
libdrm-intel1:amd64
libdrm-nouveau2:amd64
libdrm-radeon1:amd64
libdrm2:amd64
libdtd-parser-java
libdv4:amd64
libdvbpsi10:amd64
libdvdnav4:amd64
libdvdread8:amd64
libdw1:amd64
libdynaloader-functions-perl
libe-book-0.1-1:amd64
libebml5:amd64
libedit2:amd64
libefiboot1:amd64
libefivar1:amd64
libegl-mesa0:amd64
libegl1:amd64
libehcache-java
libel-api-java
libelf1:amd64
libemail-address-xs-perl
libenchant-2-2:amd64
libencode-locale-perl
libeot0:amd64
libepoxy0:amd64
libepsilon1:amd64
libept1.6.0:amd64
libepubgen-0.1-1:amd64
liberror-perl
libestr0:amd64
libetonyek-0.1-1:amd64
libev-perl
libev4:amd64
libevdev2:amd64
libevent-2.1-7:amd64
libexception-class-perl
libexempi8:amd64
libexif12:amd64
libexiv2-27:amd64
libexpat1:amd64
libexporter-tiny-perl
libext2fs2:amd64
libexttextcat-2.0-0:amd64
libexttextcat-data
libextutils-depends-perl
libextutils-pkgconfig-perl
libfaad2:amd64
libfakeroot:amd64
libfam0:amd64
libfarstream-0.2-5:amd64
libfastinfoset-java
libfastjson4:amd64
libfbclient2:amd64
libfdisk1:amd64
libffi6:amd64
libffi7:amd64
libffmpegthumbnailer4v5
libfftw3-double3:amd64
libfftw3-single3:amd64
libfido2-1:amd64
libfile-basedir-perl
libfile-desktopentry-perl
libfile-fcntllock-perl
libfile-find-rule-perl
libfile-listing-perl
libfile-mimeinfo-perl
libflac8:amd64
libflite1:amd64
libfluidsynth2:amd64
libflute-java
libfont-afm-perl
libfont-ttf-perl
libfontconfig1:amd64
libfontembed1:amd64
libfontenc1:amd64
libfonts-java
libformula-java
libfreehand-0.1-1
libfreerdp2-2:amd64
libfreetype6:amd64
libfreexl1:amd64
libfribidi0:amd64
libfstrm0:amd64
libfuse2:amd64
libfuse3-3:amd64
libfuture-perl
libfyba0:amd64
libgadu3
libgail-3-0:amd64
libgail-common:amd64
libgail18:amd64
libgbm1:amd64
libgc1:amd64
libgcc-10-dev:amd64
libgcc-9-dev:amd64
libgcc-s1:amd64
libgck-1-0:amd64
libgcr-base-3-1:amd64
libgcr-ui-3-1:amd64
libgcrypt20:amd64
libgd3:amd64
libgdal27
libgdata-common
libgdata22:amd64
libgdbm-compat4:amd64
libgdbm6:amd64
libgdcm3.0:amd64
libgdk-pixbuf2.0-0:amd64
libgdk-pixbuf2.0-bin
libgdk-pixbuf2.0-common
libgdl-3-5:amd64
libgdl-3-common
libgee-0.8-2:amd64
libgegl-0.4-0:amd64
libgegl-common
libgeoclue-2-0:amd64
libgeocode-glib0:amd64
libgeos-3.8.1:amd64
libgeos-c1v5:amd64
libgeotiff5:amd64
libgeronimo-annotation-1.3-spec-java
libgeronimo-interceptor-3.0-spec-java
libgexiv2-2:amd64
libgfapi0:amd64
libgfortran5:amd64
libgfrpc0:amd64
libgfxdr0:amd64
libgif7:amd64
libgimp2.0
libgirara-gtk3-3:amd64
libgirepository-1.0-1:amd64
libgit2-28:amd64
libgit2-glib-1.0-0:amd64
libgjs0g:amd64
libgl1:amd64
libgl1-mesa-dri:amd64
libglapi-mesa:amd64
libgles2:amd64
libglew2.1:amd64
libglib-object-introspection-perl
libglib-perl:amd64
libglib2.0-0:amd64
libglib2.0-bin
libglib2.0-data
libglibmm-2.4-1v5:amd64
libglu1-mesa:amd64
libglusterfs0:amd64
libglvnd0:amd64
libglx-mesa0:amd64
libglx0:amd64
libgme0:amd64
libgmic1:amd64
libgmp10:amd64
libgnome-bluetooth13:amd64
libgnome-desktop-3-19:amd64
libgnome-games-support-1-3:amd64
libgnome-games-support-common
libgnomekbd-common
libgnomekbd8:amd64
libgnutls-dane0:amd64
libgnutls30:amd64
libgoa-1.0-0b:amd64
libgoa-1.0-common
libgoa-backend-1.0-1:amd64
libgomp1:amd64
libgpg-error0:amd64
libgpgme11:amd64
libgpgmepp6:amd64
libgphoto2-6:amd64
libgphoto2-l10n
libgphoto2-port12:amd64
libgpm2:amd64
libgpod-common
libgpod4:amd64
libgraphene-1.0-0:amd64
libgraphicsmagick++-q16-12
libgraphicsmagick-q16-3
libgraphite2-3:amd64
libgrilo-0.3-0:amd64
libgroupsock8:amd64
libgs9:amd64
libgs9-common
libgsasl7:amd64
libgsl25:amd64
libgslcblas0:amd64
libgsm1:amd64
libgsound0:amd64
libgspell-1-2:amd64
libgspell-1-common
libgssapi-krb5-2:amd64
libgssdp-1.2-0:amd64
libgstreamer-gl1.0-0:amd64
libgstreamer-plugins-bad1.0-0:amd64
libgstreamer-plugins-base1.0-0:amd64
libgstreamer1.0-0:amd64
libgtk-3-0:amd64
libgtk-3-bin
libgtk-3-common
libgtk-layer-shell0
libgtk-vnc-2.0-0:amd64
libgtk2.0-0:amd64
libgtk2.0-bin
libgtk2.0-common
libgtk3-perl
libgtkmm-3.0-1v5:amd64
libgtksourceview-3.0-1:amd64
libgtksourceview-3.0-common
libgtksourceview-4-0:amd64
libgtksourceview-4-common
libgtkspell0:amd64
libgtkspell3-3-0:amd64
libgtop-2.0-11:amd64
libgtop2-common
libguard-perl
libguava-java
libgucharmap-2-90-7:amd64
libgudev-1.0-0:amd64
libguice-java
libgupnp-1.2-0:amd64
libgupnp-av-1.0-2
libgupnp-dlna-2.0-3
libgupnp-igd-1.0-4:amd64
libgusb2:amd64
libgvnc-1.0-0:amd64
libgweather-3-16:amd64
libgweather-common
libgxps2:amd64
libhandy-1-0:amd64
libharfbuzz-icu0:amd64
libharfbuzz0b:amd64
libhawtjni-runtime-java
libhdf4-0-alt
libhdf5-103-1:amd64
libhdf5-hl-100:amd64
libheif1:amd64
libhogweed4:amd64
libhogweed6:amd64
libhsqldb1.8.0-java
libhtml-form-perl
libhtml-format-perl
libhtml-html5-entities-perl
libhtml-parser-perl
libhtml-tagset-perl
libhtml-tree-perl
libhttp-cookies-perl
libhttp-daemon-perl
libhttp-date-perl
libhttp-message-perl
libhttp-negotiate-perl
libhttp-parser2.9:amd64
libhttpclient-java
libhttpcore-java
libhunspell-1.7-0:amd64
libhyphen0:amd64
libib-util:amd64
libibus-1.0-5:amd64
libibverbs1:amd64
libical3:amd64
libice6:amd64
libicu4j-java
libicu67:amd64
libid3tag0:amd64
libidn11:amd64
libidn2-0:amd64
libiec61883-0:amd64
libieee1284-3:amd64
libigdgmm11:amd64
libijs-0.35:amd64
libilmbase25:amd64
libimage-magick-perl
libimage-magick-q16-perl
libimagequant0:amd64
libimlib2:amd64
libimobiledevice6:amd64
libimport-into-perl
libindicator3-7:amd64
libinput-bin
libinput10:amd64
libinstpatch-1.0-2:amd64
libintellij-annotations-java
libio-async-perl
libio-html-perl
libio-socket-ssl-perl
libio-string-perl
libio-stringy-perl
libip4tc0:amd64
libip4tc2:amd64
libip6tc0:amd64
libip6tc2:amd64
libipc-run3-perl
libipc-system-simple-perl
libiptc0:amd64
libisc-export1100:amd64
libisc-export1105:amd64
libisl22:amd64
libisofs6:amd64
libistack-commons-java
libiterator-perl
libiterator-util-perl
libitext-java
libitm1:amd64
libiw30:amd64
libixml10:amd64
libjack-jackd2-0:amd64
libjansi-java
libjansi-native-java
libjansson4:amd64
libjavascriptcoregtk-4.0-18:amd64
libjaxb-api-java
libjaxb-java
libjaxen-java
libjbig0:amd64
libjbig2dec0:amd64
libjcommon-java
libjdom1-java
libjetbrains-annotations-java
libjim0.79:amd64
libjpeg-turbo-progs
libjpeg62-turbo:amd64
libjs-jquery
libjs-mathjax
libjson-c3:amd64
libjson-c5:amd64
libjson-glib-1.0-0:amd64
libjson-glib-1.0-common
libjson-maybexs-perl
libjson-xs-perl
libjsoncpp1:amd64
libjsoup-java
libjsp-api-java
libjsr305-java
libjte2:amd64
libjuh-java
libjurt-java
libjxr-tools
libjxr0:amd64
libk5crypto3:amd64
libkate1:amd64
libkeybinder-3.0-0:amd64
libkeyutils1:amd64
libkf5completion-data
libkf5completion5:amd64
libkf5config-bin
libkf5config-data
libkf5configcore5:amd64
libkf5configgui5:amd64
libkf5coreaddons-data
libkf5coreaddons5:amd64
libkf5crash5:amd64
libkf5guiaddons5:amd64
libkf5i18n-data
libkf5i18n5:amd64
libkf5idletime5:amd64
libkf5itemviews-data
libkf5itemviews5:amd64
libkf5waylandclient5:amd64
libkf5widgetsaddons-data
libkf5widgetsaddons5:amd64
libkf5windowsystem-data
libkf5windowsystem5:amd64
libklibc:amd64
libkmlbase1:amd64
libkmldom1:amd64
libkmlengine1:amd64
libkmod2:amd64
libkpathsea6:amd64
libkrb5-3:amd64
libkrb5support0:amd64
libksba8:amd64
liblangtag-common
liblangtag1:amd64
liblapack3:amd64
liblayout-java
liblcms2-2:amd64
libldap-2.4-2:amd64
libldap-common
libldb2:amd64
liblibreoffice-java
liblightdm-gobject-1-0:amd64
liblilv-0-0:amd64
liblinear4:amd64
liblirc-client0:amd64
liblist-compare-perl
liblist-moreutils-perl
liblist-utilsby-perl
liblivemedia77:amd64
libllvm10:amd64
liblmdb0:amd64
libloader-java
liblocale-gettext-perl
liblockfile-bin
liblog4j1.2-java
liblognorm5:amd64
liblouis-data
liblouis20:amd64
liblouisutdml-bin
liblouisutdml-data
liblouisutdml9:amd64
liblqr-1-0:amd64
liblsan0:amd64
libltc11:amd64
libltdl7:amd64
liblua5.2-0:amd64
liblua5.3-0:amd64
libluajit-5.1-2:amd64
libluajit-5.1-common
liblwp-mediatypes-perl
liblwp-protocol-https-perl
liblz4-1:amd64
liblzma5:amd64
liblzo2-2:amd64
libmad0:amd64
libmagic-mgc
libmagic1:amd64
libmagick++-6.q16-8:amd64
libmagickcore-6.q16-6:amd64
libmagickcore-6.q16-6-extra:amd64
libmagickwand-6.q16-6:amd64
libmail-java
libmailtools-perl
libmailutils7:amd64
libmanette-0.2-0:amd64
libmarco-private2:amd64
libmariadb3:amd64
libmarkdown2:amd64
libmate-desktop-2-17:amd64
libmate-menu2:amd64
libmate-panel-applet-4-1:amd64
libmate-slab0:amd64
libmate-window-settings1:amd64
libmatedict6
libmatekbd-common
libmatekbd4:amd64
libmatemixer-common
libmatemixer0:amd64
libmateweather-common
libmateweather1:amd64
libmatroska7:amd64
libmaven-file-management-java
libmaven-parent-java
libmaven-resolver-java
libmaven-shared-io-java
libmaven-shared-utils-java
libmaven3-core-java
libmaxminddb0:amd64
libmbedcrypto3:amd64
libmbedtls12:amd64
libmbedx509-0:amd64
libmbim-glib4:amd64
libmbim-proxy
libmcrypt4
libmd4c0:amd64
libmeanwhile1:amd64
libmediaart-2.0-0:amd64
libmetis5:amd64
libmetrics-any-perl
libmfx1:amd64
libmhash2:amd64
libminiupnpc17:amd64
libminizip1:amd64
libmjpegutils-2.1-0:amd64
libmm-glib0:amd64
libmms0:amd64
libmng1:amd64
libmnl0:amd64
libmodplug1:amd64
libmodule-implementation-perl
libmodule-runtime-perl
libmoo-perl
libmoox-aliases-perl
libmount1:amd64
libmouse-perl
libmozjs-52-0:amd64
libmozjs-78-0:amd64
libmp3lame0:amd64
libmpc3:amd64
libmpcdec6:amd64
libmpeg2-4:amd64
libmpeg2encpp-2.1-0:amd64
libmpfr6:amd64
libmpg123-0:amd64
libmplex2-2.1-0:amd64
libmspack0:amd64
libmspub-0.1-1:amd64
libmtdev1:amd64
libmtp-common
libmtp-runtime
libmtp9:amd64
libmuffin0
libmusicbrainz5-2:amd64
libmusicbrainz5cc2v5:amd64
libmwaw-0.3-3:amd64
libmypaint-1.5-1:amd64
libmypaint-common
libmysofa1:amd64
libmythes-1.2-0:amd64
libnamespace-clean-perl
libnatpmp1:amd64
libnautilus-extension1a:amd64
libncurses6:amd64
libncursesw6:amd64
libndp0:amd64
libnemo-extension1:amd64
libneon27-gnutls:amd64
libnet-dbus-perl
libnet-domain-tld-perl
libnet-http-perl
libnet-libidn-perl
libnet-smtp-ssl-perl
libnet-ssleay-perl
libnetcdf18:amd64
libnetfilter-conntrack3:amd64
libnetpbm10
libnettle6:amd64
libnettle8:amd64
libnewt0.52:amd64
libnfnetlink0:amd64
libnfs13:amd64
libnftnl11:amd64
libnghttp2-14:amd64
libnice10:amd64
libnl-3-200:amd64
libnl-genl-3-200:amd64
libnl-route-3-200:amd64
libnm0:amd64
libnma-common
libnma0:amd64
libnorm1:amd64
libnotify-bin
libnotify4:amd64
libnpth0:amd64
libnspr4:amd64
libnss-mdns:amd64
libnss-myhostname:amd64
libnss-systemd:amd64
libnss3:amd64
libntfs-3g883
libntlm0:amd64
libnuma1:amd64
libnumber-compare-perl
libnumbertext-1.0-0:amd64
libnumbertext-data
libobs0:amd64
libodbc1:amd64
libodfgen-0.1-1:amd64
libofa0:amd64
libogdi4.1
libogg0:amd64
libopenal-data
libopenal1:amd64
libopencolorio1v5
libopencore-amrnb0:amd64
libopencore-amrwb0:amd64
libopencv-core4.2:amd64
libopencv-imgcodecs4.2:amd64
libopencv-imgproc4.2:amd64
libopencv-videoio4.2:amd64
libopenexr25:amd64
libopenjp2-7:amd64
libopenmpt-modplug1:amd64
libopenmpt0:amd64
libopenni2-0
libopus0:amd64
liborc-0.4-0:amd64
liborcus-0.15-0:amd64
liborcus-parser-0.15-0:amd64
libp11-kit0:amd64
libpackage-stash-perl
libpackage-stash-xs-perl
libpackagekit-glib2-18:amd64
libpagemaker-0.0-0:amd64
libpam-gnome-keyring:amd64
libpam-modules:amd64
libpam-modules-bin
libpam-runtime
libpam-systemd:amd64
libpam0g:amd64
libpango-1.0-0:amd64
libpangocairo-1.0-0:amd64
libpangoft2-1.0-0:amd64
libpangomm-1.4-1v5:amd64
libpangoxft-1.0-0:amd64
libpaper-utils
libpaper1:amd64
libparams-classify-perl
libparams-util-perl
libparted-fs-resize0:amd64
libparted2:amd64
libpath-tiny-perl
libpcap0.8:amd64
libpci3:amd64
libpciaccess0:amd64
libpcre2-16-0:amd64
libpcre2-8-0:amd64
libpcre3:amd64
libpcsclite1:amd64
libpeas-1.0-0:amd64
libpeas-common
libpentaho-reporting-flow-engine-java
libperl4-corelibs-perl
libperl5.30:amd64
libperlio-gzip-perl
libpgm-5.2-0:amd64
libphodav-2.0-0:amd64
libphodav-2.0-common
libpipeline1:amd64
libpixie-java
libpixman-1-0:amd64
libplacebo72:amd64
libplexus-archiver-java
libplexus-cipher-java
libplexus-classworlds-java
libplexus-component-annotations-java
libplexus-interpolation-java
libplexus-io-java
libplexus-sec-dispatcher-java
libplexus-utils2-java
libplist3:amd64
libplymouth4:amd64
libpng16-16:amd64
libpocketsphinx3:amd64
libpolkit-agent-1-0:amd64
libpolkit-gobject-1-0:amd64
libpoppler-cpp0v5:amd64
libpoppler-glib8:amd64
libpoppler-qt5-1:amd64
libpoppler102:amd64
libpopt0:amd64
libpostproc55:amd64
libpotrace0:amd64
libpq5:amd64
libproc-processtable-perl
libprocps7:amd64
libprocps8:amd64
libproj19:amd64
libprotobuf-c1:amd64
libprotobuf-lite23:amd64
libproxy-tools
libproxy1v5:amd64
libpsl5:amd64
libpugixml1v5:amd64
libpulse-mainloop-glib0:amd64
libpulse0:amd64
libpulsedsp:amd64
libpurple-bin
libpurple0
libpwquality-common
libpwquality1:amd64
libpython2.7-minimal:amd64
libpython2.7-stdlib:amd64
libpython3-stdlib:amd64
libpython3.8:amd64
libpython3.8-minimal:amd64
libpython3.8-stdlib:amd64
libqhull8.0:amd64
libqmi-glib5:amd64
libqmi-proxy
libqpdf28:amd64
libqqwing2v5:amd64
libqrcodegencpp1:amd64
libqt5concurrent5:amd64
libqt5core5a:amd64
libqt5dbus5:amd64
libqt5designer5:amd64
libqt5gui5:amd64
libqt5help5:amd64
libqt5multimedia5:amd64
libqt5multimediaquick5:amd64
libqt5network5:amd64
libqt5positioning5:amd64
libqt5printsupport5:amd64
libqt5qml5:amd64
libqt5qmlmodels5:amd64
libqt5qmlworkerscript5:amd64
libqt5quick5:amd64
libqt5quickwidgets5:amd64
libqt5sensors5:amd64
libqt5sql5:amd64
libqt5sql5-sqlite:amd64
libqt5svg5:amd64
libqt5test5:amd64
libqt5waylandclient5:amd64
libqt5waylandcompositor5:amd64
libqt5webchannel5:amd64
libqt5webkit5:amd64
libqt5widgets5:amd64
libqt5x11extras5:amd64
libqt5xml5:amd64
libquadmath0:amd64
libquazip5-1:amd64
libquvi-0.9-0.9.3:amd64
libquvi-scripts-0.9
libqxp-0.0-0
librabbitmq4:amd64
librados2
libraptor2-0:amd64
librasqal3:amd64
libraw1394-11:amd64
libraw20:amd64
librda-common
librda0:amd64
librdf0:amd64
librdmacm1:amd64
libreadline8:amd64
libreadonly-perl
libref-util-perl
libref-util-xs-perl
librelaxng-datatype-java
libreoffice
libreoffice-base
libreoffice-base-core
libreoffice-base-drivers
libreoffice-calc
libreoffice-common
libreoffice-core
libreoffice-draw
libreoffice-gnome
libreoffice-gtk3
libreoffice-help-common
libreoffice-help-en-us
libreoffice-impress
libreoffice-java-common
libreoffice-l10n-es
libreoffice-librelogo
libreoffice-math
libreoffice-nlpsolver
libreoffice-report-builder
libreoffice-report-builder-bin
libreoffice-script-provider-bsh
libreoffice-script-provider-js
libreoffice-script-provider-python
libreoffice-sdbc-firebird
libreoffice-sdbc-hsqldb
libreoffice-sdbc-mysql
libreoffice-sdbc-postgresql
libreoffice-style-breeze
libreoffice-style-colibre
libreoffice-style-elementary
libreoffice-style-sifr
libreoffice-wiki-publisher
libreoffice-writer
librepository-java
libresid-builder0c2a
librest-0.7-0:amd64
librevenge-0.0-0:amd64
librhythmbox-core10:amd64
libridl-java
librngom-java
librole-tiny-perl
librsvg2-2:amd64
librsvg2-bin
librsvg2-common:amd64
librtmp1:amd64
librttopo1:amd64
librubberband2:amd64
libruby2.7:amd64
librygel-core-2.6-2:amd64
librygel-db-2.6-2:amd64
librygel-renderer-2.6-2:amd64
librygel-server-2.6-2:amd64
libsac-java
libsamplerate0:amd64
libsane:amd64
libsane-common
libsasl2-2:amd64
libsasl2-modules:amd64
libsasl2-modules-db:amd64
libsaxonhe-java
libsbc1:amd64
libsdl-image1.2:amd64
libsdl1.2debian:amd64
libsdl2-2.0-0:amd64
libseccomp2:amd64
libsecret-1-0:amd64
libsecret-common
libselinux1:amd64
libsemanage-common
libsemanage1:amd64
libsensors-config
libsensors5:amd64
libsepol1:amd64
libserd-0-0:amd64
libsereal-decoder-perl
libsereal-encoder-perl
libsereal-perl
libserializer-java
libservlet-api-java
libservlet3.1-java
libsgutils2-2
libshine3:amd64
libshout3:amd64
libsidplay1v5:amd64
libsidplay2
libsigc++-2.0-0v5:amd64
libsigsegv2:amd64
libsisu-guice-java
libsisu-inject-java
libsisu-ioc-java
libsisu-plexus-java
libslang2:amd64
libslf4j-java
libsm6:amd64
libsmartcols1:amd64
libsmbclient:amd64
libsnappy-java
libsnappy-jni
libsnappy1v5:amd64
libsndfile1:amd64
libsndio7.0:amd64
libsnmp-base
libsnmp40:amd64
libsocket++1:amd64
libsodium23:amd64
libsord-0-0:amd64
libsoundtouch1:amd64
libsoup-gnome2.4-1:amd64
libsoup2.4-1:amd64
libsoxr0:amd64
libspandsp2:amd64
libspatialaudio0:amd64
libspatialite7:amd64
libspectre1:amd64
libspeex1:amd64
libspeexdsp1:amd64
libsphinxbase3:amd64
libspice-client-glib-2.0-8:amd64
libspice-client-gtk-3.0-5:amd64
libsqlite3-0:amd64
libsratom-0-0:amd64
libsrt1-gnutls:amd64
libsrtp2-1:amd64
libss2:amd64
libssh-gcrypt-4:amd64
libssh2-1:amd64
libssl1.1:amd64
libstaroffice-0.0-0:amd64
libstartup-notification0:amd64
libstax-ex-java
libstdc++-10-dev:amd64
libstdc++6:amd64
libstemmer0d:amd64
libstreambuffer-java
libstrictures-perl
libstruct-dumb-perl
libsub-exporter-perl
libsub-exporter-progressive-perl
libsub-identify-perl
libsub-install-perl
libsub-name-perl
libsub-quote-perl
libsuitesparseconfig5:amd64
libsuperlu5:amd64
libswresample3:amd64
libswscale5:amd64
libsynctex2:amd64
libsystemd0:amd64
libsz2:amd64
libtag1v5:amd64
libtag1v5-vanilla:amd64
libtalloc2:amd64
libtasn1-6:amd64
libtbb2:amd64
libtcl8.6:amd64
libtdb1:amd64
libteamdctl0:amd64
libtepl-4-0:amd64
libtest-fatal-perl
libtest-metrics-any-perl
libtest-refcount-perl
libtevent0:amd64
libtext-charwidth-perl
libtext-glob-perl
libtext-iconv-perl
libtext-levenshteinxs-perl
libtext-markdown-discount-perl:amd64
libtext-wrapi18n-perl
libtext-xslate-perl
libthai-data
libthai0:amd64
libtheora0:amd64
libtie-ixhash-perl
libtiff5:amd64
libtime-duration-perl
libtime-moment-perl
libtimedate-perl
libtimezonemap-data
libtimezonemap1:amd64
libtinfo6:amd64
libtinyxml2.6.2v5:amd64
libtirpc-common
libtirpc3:amd64
libtommath1:amd64
libtotem-plparser-common
libtotem-plparser18:amd64
libtracker-sparql-2.0-0:amd64
libtry-tiny-perl
libtsan0:amd64
libturbojpeg0:amd64
libtwolame0:amd64
libtxw2-java
libtype-tiny-perl
libtype-tiny-xs-perl
libtypes-serialiser-perl
libu2f-udev
libubsan1:amd64
libuchardet0:amd64
libudev1:amd64
libudisks2-0:amd64
libumfpack5:amd64
libunbound8:amd64
libunicode-utf8-perl
libunistring2:amd64
libuno-cppu3
libuno-cppuhelpergcc3-3
libuno-purpenvhelpergcc3-3
libuno-sal3
libuno-salhelpergcc3-3
libunoil-java
libunoloader-java
libunwind8:amd64
libupnp13:amd64
libupower-glib3:amd64
liburi-perl
liburiparser1:amd64
libusageenvironment3:amd64
libusb-0.1-4:amd64
libusb-1.0-0:amd64
libusbmuxd6:amd64
libusbredirhost1:amd64
libusbredirparser1:amd64
libutempter0:amd64
libuuid1:amd64
libuv1:amd64
libv4l-0:amd64
libv4lconvert0:amd64
libva-drm2:amd64
libva-wayland2:amd64
libva-x11-2:amd64
libva2:amd64
libvariable-magic-perl
libvdpau-va-gl1:amd64
libvdpau1:amd64
libvidstab1.1:amd64
libvisio-0.1-1:amd64
libvisual-0.4-0:amd64
libvlc-bin:amd64
libvlc5:amd64
libvlccore9:amd64
libvncclient1:amd64
libvo-aacenc0:amd64
libvo-amrwbenc0:amd64
libvolume-key1
libvorbis0a:amd64
libvorbisenc2:amd64
libvorbisfile3:amd64
libvpx6:amd64
libvte-2.91-0:amd64
libvte-2.91-common
libvulkan1:amd64
libwacom-bin
libwacom-common
libwacom2:amd64
libwagon-http-java
libwagon-provider-api-java
libwavpack1:amd64
libwayland-client0:amd64
libwayland-cursor0:amd64
libwayland-egl1:amd64
libwayland-server0:amd64
libwbclient0:amd64
libwebkit2gtk-4.0-37:amd64
libwebp6:amd64
libwebpdemux2:amd64
libwebpmux3:amd64
libwebrtc-audio-processing1:amd64
libwebsocket-api-java
libwildmidi2:amd64
libwinpr2-2:amd64
libwmf-bin
libwmf0.2-7:amd64
libwnck-3-0:amd64
libwnck-3-common
libwoff1:amd64
libwpd-0.10-10:amd64
libwpe-1.0-1:amd64
libwpebackend-fdo-1.0-1:amd64
libwpg-0.3-3:amd64
libwps-0.4-4:amd64
libwrap0:amd64
libwww-perl
libwww-robotrules-perl
libx11-6:amd64
libx11-data
libx11-protocol-perl
libx11-xcb1:amd64
libx264-160:amd64
libx265-192:amd64
libxapian30:amd64
libxapp1:amd64
libxatracker2:amd64
libxau6:amd64
libxaw7:amd64
libxcb-composite0:amd64
libxcb-cursor0:amd64
libxcb-dri2-0:amd64
libxcb-dri3-0:amd64
libxcb-ewmh2:amd64
libxcb-glx0:amd64
libxcb-icccm4:amd64
libxcb-image0:amd64
libxcb-keysyms1:amd64
libxcb-present0:amd64
libxcb-randr0:amd64
libxcb-render-util0:amd64
libxcb-render0:amd64
libxcb-res0:amd64
libxcb-shape0:amd64
libxcb-shm0:amd64
libxcb-sync1:amd64
libxcb-util0:amd64
libxcb-xfixes0:amd64
libxcb-xinerama0:amd64
libxcb-xinput0:amd64
libxcb-xkb1:amd64
libxcb-xrm0:amd64
libxcb-xv0:amd64
libxcb1:amd64
libxcomposite1:amd64
libxcursor1:amd64
libxdamage1:amd64
libxdmcp6:amd64
libxerces-c3.2:amd64
libxerces2-java
libxext6:amd64
libxfixes3:amd64
libxfont2:amd64
libxft2:amd64
libxi6:amd64
libxinerama1:amd64
libxkbcommon-x11-0:amd64
libxkbcommon0:amd64
libxkbfile1:amd64
libxklavier16:amd64
libxml-commons-external-java
libxml-commons-resolver1.1-java
libxml-java
libxml-libxml-perl
libxml-namespacesupport-perl
libxml-parser-perl
libxml-sax-base-perl
libxml-sax-expat-perl
libxml-sax-perl
libxml-twig-perl
libxml-xpathengine-perl
libxml2:amd64
libxmlbeans-java
libxmlsec1:amd64
libxmlsec1-nss:amd64
libxmu6:amd64
libxmuu1:amd64
libxom-java
libxpm4:amd64
libxpresent1:amd64
libxrandr2:amd64
libxrender1:amd64
libxres1:amd64
libxshmfence1:amd64
libxslt1.1:amd64
libxsom-java
libxss1:amd64
libxt6:amd64
libxtables12:amd64
libxtst6:amd64
libxv1:amd64
libxvidcore4:amd64
libxvmc1:amd64
libxxf86dga1:amd64
libxxf86vm1:amd64
libxxhash0:amd64
libxz-java
libyajl2:amd64
libyaml-0-2:amd64
libyaml-cpp0.6:amd64
libyaml-libyaml-perl
libyelp0:amd64
libz3-4:amd64
libzbar0:amd64
libzephyr4:amd64
libzmf-0.0-0:amd64
libzmq5:amd64
libzstd1:amd64
libzvbi-common
libzvbi0:amd64
lightdm
lightdm-gtk-greeter
lightning
lightsoff
lintian
linux-base
linux-compiler-gcc-10-x86
linux-cpupower
linux-headers-5.8.0-1-amd64
linux-headers-5.8.0-1-common
linux-headers-5.8.0-2-amd64
linux-headers-5.8.0-2-common
linux-headers-amd64
linux-image-5.8.0-1-amd64
linux-image-5.8.0-2-amd64
linux-image-amd64
linux-kbuild-5.8
linux-libc-dev:amd64
live-boot-doc
live-build
live-config-doc
live-manual-html
lm-sensors
locales
login
logrotate
logsave
lp-solve
lsb-base
lsb-release
lsof
lua-bitop:amd64
lua-expat:amd64
lua-json
lua-lpeg:amd64
lua-socket:amd64
lzip
lzop
mailutils
mailutils-common
make
man-db
manpages
manpages-dev
marco
marco-common
mariadb-common
mate-applet-brisk-menu
mate-applets
mate-applets-common
mate-backgrounds
mate-calc
mate-calc-common
mate-control-center
mate-control-center-common
mate-desktop
mate-desktop-common
mate-desktop-environment
mate-desktop-environment-core
mate-icon-theme
mate-indicator-applet
mate-indicator-applet-common
mate-media
mate-media-common
mate-menus
mate-notification-daemon
mate-notification-daemon-common
mate-panel
mate-panel-common
mate-polkit:amd64
mate-polkit-common
mate-power-manager
mate-power-manager-common
mate-screensaver
mate-screensaver-common
mate-session-manager
mate-settings-daemon
mate-settings-daemon-common
mate-system-monitor
mate-system-monitor-common
mate-terminal
mate-terminal-common
mate-themes
mate-tweak
mate-user-guide
mate-utils
mate-utils-common
mawk
media-player-info
menu
menu-xdg
mesa-utils
mesa-va-drivers:amd64
mesa-vdpau-drivers:amd64
mesa-vulkan-drivers:amd64
metacity-common
mime-support
mkvtoolnix
mkvtoolnix-gui
mobile-broadband-provider-info
modemmanager
mokutil
mount
mtools
muffin
muffin-common
mypaint
mypaint-brushes
mypaint-data
mypaint-data-extras
mysql-common
mythes-en-us
nano
nautilus-extension-brasero
ncal
ncurses-base
ncurses-bin
ncurses-term
nemo
nemo-data
nemo-fileroller
netbase
netcat-traditional
netpbm
network-manager
network-manager-gnome
nmap
nmap-common
nmon
node-jquery
node-normalize.css
notification-daemon
nrg2iso
ntfs-3g
numix-gtk-theme
numix-icon-theme
obs-plugins
obs-studio
ocl-icd-libopencl1:amd64
odbcinst
odbcinst1debian2:amd64
openjdk-11-jre:amd64
openjdk-11-jre-headless:amd64
openssh-client
openssh-server
openssh-sftp-server
openssl
os-prober
p11-kit
p11-kit-modules:amd64
p7zip
p7zip-full
p7zip-rar
packagekit
packagekit-tools
parted
passwd
patch
patchutils
pci.ids
pciutils
perl
perl-base
perl-modules-5.28
perl-modules-5.30
perl-openssl-defaults:amd64
pidgin
pidgin-data
pinentry-curses
pinentry-gnome3
pkg-config
pluma
pluma-common
plymouth
plymouth-label
pocketsphinx-en-us
policykit-1
policykit-1-gnome
poppler-data
poppler-utils
popularity-contest
postgresql-client
postgresql-client-12
postgresql-client-common
powerline
powerline-gitstatus
powermgmt-base
powertop
ppp
procps
proj-bin
proj-data
psmisc
publicsuffix
pulseaudio
pulseaudio-module-bluetooth
pulseaudio-utils
pv
python-apt-common
python-tinycss2-common
python2.7
python2.7-minimal
python3
python3-apt
python3-bs4
python3-cairo:amd64
python3-certifi
python3-cffi-backend
python3-chardet
python3-crypto
python3-cryptography
python3-cups:amd64
python3-cupshelpers
python3-dbus
python3-debconf
python3-debian
python3-debianbts
python3-distro
python3-distutils
python3-dnspython
python3-gi
python3-gi-cairo
python3-gpg
python3-html5lib
python3-httplib2
python3-idna
python3-ldb
python3-lib2to3
python3-lxml:amd64
python3-mako
python3-markdown
python3-markupsafe
python3-minimal
python3-numpy
python3-olefile
python3-pampy
python3-pexpect
python3-pil:amd64
python3-pkg-resources
python3-powerline
python3-powerline-gitstatus
python3-psutil
python3-ptyprocess
python3-pycurl
python3-pygments
python3-pyinotify
python3-pyqt5
python3-pyqt5.sip
python3-pysimplesoap
python3-reportbug
python3-requests
python3-requests-toolbelt
python3-samba
python3-scour
python3-setproctitle:amd64
python3-sip
python3-six
python3-smbc
python3-soupsieve
python3-talloc:amd64
python3-tdb
python3-tinycss
python3-tinycss2
python3-tz
python3-uno
python3-urllib3
python3-webencodings
python3-xapp
python3-xlib
python3-yaml
python3.8
python3.8-minimal
qml-module-qt-labs-folderlistmodel:amd64
qml-module-qt-labs-settings:amd64
qml-module-qtgraphicaleffects:amd64
qml-module-qtmultimedia:amd64
qml-module-qtqml:amd64
qml-module-qtqml-models2:amd64
qml-module-qtquick-controls:amd64
qml-module-qtquick-dialogs:amd64
qml-module-qtquick-layouts:amd64
qml-module-qtquick-privatewidgets:amd64
qml-module-qtquick-window2:amd64
qml-module-qtquick2:amd64
qt5-gtk-platformtheme:amd64
qttranslations5-l10n
qtwayland5:amd64
quadrapassel
rake
ranger
rclone
readline-common
realmd
reportbug
rfkill
rhythmbox
rhythmbox-data
rhythmbox-plugin-cdrecorder
rhythmbox-plugins
rofi
rsync
rsyslog
rtkit
ruby
ruby-json
ruby-minitest
ruby-net-telnet
ruby-power-assert
ruby-test-unit
ruby-xmlrpc
ruby2.7
rubygems-integration
runit-helper
rxvt-unicode
rxvt-unicode-256color
rygel
samba
samba-common
samba-common-bin
samba-dsdb-modules:amd64
samba-libs:amd64
samba-vfs-modules:amd64
sane-utils
sed
sensible-utils
sgml-base
sgml-data
shared-mime-info
shim-helpers-amd64-signed
shim-signed:amd64
shim-signed-common
shim-unsigned
shotwell
shotwell-common
simple-scan
smartmontools
sound-juicer
sound-theme-freedesktop
spice-client-glib-usb-acl-helper
ssl-cert
steghide
suckless-tools
sudo
swell-foop
synaptic
syslinux
syslinux-common
sysstat
system-config-printer
system-config-printer-common
system-config-printer-udev
systemd
systemd-sysv
systemd-timesyncd
sysvinit-utils
t1utils
tali
tar
task-cinnamon-desktop
task-desktop
task-english
task-laptop
task-mate-desktop
task-ssh-server
tasksel
tasksel-data
tcl-expect:amd64
tcl8.6
tdb-tools
teamviewer
telnet
thunderbird
timgm6mb-soundfont
tlp
tlp-rdw
traceroute
transmission-common
transmission-gtk
tree
ttf-mscorefonts-installer
tzdata
ucf
udev
udftools
udisks2
uno-libs-private
unzip
update-inetd
upower
ure
usb-modeswitch
usb-modeswitch-data
usb.ids
usbmuxd
usbutils
usrmerge
util-linux
util-linux-locales
va-driver-all:amd64
vdpau-driver-all:amd64
vifm
vim
vim-addon-manager
vim-airline
vim-airline-themes
vim-common
vim-fugitive
vim-gtk
vim-gtk3
vim-gui-common
vim-runtime
vim-tiny
vinagre
vino
vlc
vlc-bin
vlc-data
vlc-l10n
vlc-plugin-access-extra:amd64
vlc-plugin-base:amd64
vlc-plugin-notify:amd64
vlc-plugin-qt:amd64
vlc-plugin-samba:amd64
vlc-plugin-skins2:amd64
vlc-plugin-video-output:amd64
vlc-plugin-video-splitter:amd64
vlc-plugin-visualization:amd64
w3m
w3m-img
wamerican
wget
whiptail
wireless-regdb
wireless-tools
wodim
wpasupplicant
x11-apps
x11-common
x11-session-utils
x11-utils
x11-xkb-utils
x11-xserver-utils
xapps-common
xauth
xbitmaps
xdg-dbus-proxy
xdg-user-dirs
xdg-user-dirs-gtk
xdg-utils
xfonts-100dpi
xfonts-75dpi
xfonts-base
xfonts-encodings
xfonts-scalable
xfonts-utils
xinit
xkb-data
xml-core
xorg
xorg-docs-core
xscreensaver-data
xsel
xserver-common
xserver-xorg
xserver-xorg-core
xserver-xorg-input-all
xserver-xorg-input-evdev
xserver-xorg-input-libinput
xserver-xorg-input-wacom
xserver-xorg-legacy
xserver-xorg-video-all
xserver-xorg-video-amdgpu
xserver-xorg-video-ati
xserver-xorg-video-fbdev
xserver-xorg-video-intel
xserver-xorg-video-nouveau
xserver-xorg-video-qxl
xserver-xorg-video-radeon
xserver-xorg-video-vesa
xserver-xorg-video-vmware
xterm
xxd
xz-utils
yelp
yelp-xsl
yudit-common
zathura
zathura-pdf-poppler
zenity
zenity-common
zip
zlib1g:amd64
