accountsservice
acl
acpi
acpi-call-dkms
adduser
adwaita-icon-theme
alsa-topology-conf
alsa-ucm-conf
alsa-utils
amd64-microcode
anacron
apparmor
apt
apt-listchanges
apt-utils
aptitude
aptitude-common
aspell
aspell-en
at-spi2-core
avahi-autoipd
avahi-daemon
base-files
base-passwd
bash
bash-completion
bind9-dnsutils
bind9-host
bind9-libs:amd64
binutils
binutils-common:amd64
binutils-x86-64-linux-gnu
bluetooth
bluez
bsdextrautils
bsdmainutils
bsdutils
bubblewrap
build-essential
busybox
bzip2
ca-certificates
caja
caja-common
calendar
colord
colord-data
console-setup
console-setup-linux
coreutils
cpio
cpp
cpp-10
crda
cron
cryptsetup
cryptsetup-bin
cryptsetup-initramfs
cryptsetup-run
curl
dash
dbus
dbus-user-session
dconf-gsettings-backend:amd64
dconf-service
debconf
debconf-i18n
debian-archive-keyring
debian-faq
debianutils
desktop-base
desktop-file-utils
dictionaries-common
diffutils
dirmngr
discover
discover-data
distro-info-data
dkms
dmidecode
dmsetup
dns-root-data
dnsmasq
dnsmasq-base
doc-debian
docbook-xml
dosfstools
dpkg
dpkg-dev
dunst
e2fsprogs
efibootmgr
eject
emacsen-common
enchant-2
ethtool
exfat-fuse
exfat-utils
expect
fakeroot
fdisk
file
findutils
firmware-amd-graphics
firmware-linux
firmware-linux-free
firmware-linux-nonfree
firmware-misc-nonfree
flameshot
fontconfig
fontconfig-config
fonts-dejavu
fonts-dejavu-core
fonts-dejavu-extra
fonts-droid-fallback
fonts-font-awesome
fonts-freefont-ttf
fonts-inconsolata
fonts-lato
fonts-liberation
fonts-noto-mono
fonts-powerline
fonts-quicksand
fonts-urw-base35
fonts-vlgothic
fuse
g++
g++-10
gawk
gcc
gcc-10
gcc-10-base:amd64
gcc-9-base:amd64
gcr
gdisk
gettext-base
ghostscript
ghostscript-x
gimp
gimp-data
gir1.2-atk-1.0:amd64
gir1.2-freedesktop:amd64
gir1.2-gdkpixbuf-2.0:amd64
gir1.2-glib-2.0:amd64
gir1.2-gtk-2.0:amd64
gir1.2-gtk-3.0:amd64
gir1.2-harfbuzz-0.0:amd64
gir1.2-pango-1.0:amd64
git
git-man
glib-networking:amd64
glib-networking-common
glib-networking-services
gnome-keyring
gnome-keyring-pkcs11:amd64
gnupg
gnupg-l10n
gnupg-utils
google-chrome-stable
gpg
gpg-agent
gpg-wks-client
gpg-wks-server
gpgconf
gpgsm
gpgv
grep
groff-base
grub-common
grub-efi-amd64
grub-efi-amd64-bin
grub-efi-amd64-signed
grub2-common
gsettings-desktop-schemas
gsfonts
gstreamer1.0-gl:amd64
gstreamer1.0-libav:amd64
gstreamer1.0-plugins-base:amd64
gstreamer1.0-plugins-good:amd64
gstreamer1.0-pulseaudio:amd64
gstreamer1.0-x:amd64
gtk-update-icon-cache
gtk2-engines-murrine:amd64
gvfs:amd64
gvfs-backends
gvfs-common
gvfs-daemons
gvfs-libs:amd64
gzip
hdparm
hicolor-icon-theme
highlight
highlight-common
hostname
hunspell-en-us
i3
i3-wm
i3blocks
i3lock
i3status
i965-va-driver:amd64
iamerican
ibritish
ienglish-common
ifupdown
init
init-system-helpers
initramfs-tools
initramfs-tools-core
installation-report
intel-media-va-driver:amd64
intel-microcode
ipp-usb
iproute2
iptables
iputils-ping
isc-dhcp-client
isc-dhcp-common
iso-codes
ispell
iucode-tool
iw
javascript-common
kbd
keyboard-configuration
klibc-utils
kmod
krb5-locales
laptop-detect
less
liba52-0.7.4:amd64
libaa1:amd64
libaacs0:amd64
libaccountsservice0:amd64
libacl1:amd64
libalgorithm-diff-perl
libalgorithm-diff-xs-perl
libalgorithm-merge-perl
libamd2:amd64
libanyevent-i3-perl
libanyevent-perl
libaom0:amd64
libapparmor1:amd64
libapt-pkg6.0:amd64
libarchive13:amd64
libargon2-1:amd64
libaribb24-0:amd64
libart-2.0-2:amd64
libasan6:amd64
libasound2:amd64
libasound2-data
libasound2-plugins:amd64
libaspell15:amd64
libass9:amd64
libassuan0:amd64
libasync-interrupt-perl
libasyncns0:amd64
libatasmart4:amd64
libatk-bridge2.0-0:amd64
libatk1.0-0:amd64
libatk1.0-data
libatomic1:amd64
libatopology2:amd64
libatspi2.0-0:amd64
libattr1:amd64
libaudit-common
libaudit1:amd64
libauthen-sasl-perl
libavahi-client3:amd64
libavahi-common-data:amd64
libavahi-common3:amd64
libavahi-core7:amd64
libavahi-glib1:amd64
libavc1394-0:amd64
libavcodec58:amd64
libavfilter7:amd64
libavformat58:amd64
libavresample4:amd64
libavutil56:amd64
libayatana-appindicator3-1
libayatana-ido3-0.4-0:amd64
libayatana-indicator3-7:amd64
libbabl-0.1-0:amd64
libbasicusageenvironment1:amd64
libbdplus0:amd64
libbinutils:amd64
libblas3:amd64
libblkid-dev:amd64
libblkid1:amd64
libblockdev-crypto2:amd64
libblockdev-fs2:amd64
libblockdev-loop2:amd64
libblockdev-part-err2:amd64
libblockdev-part2:amd64
libblockdev-swap2:amd64
libblockdev-utils2:amd64
libblockdev2:amd64
libbluetooth3:amd64
libbluray2:amd64
libboost-iostreams1.74.0:amd64
libbotan-2-17:amd64
libbrotli1:amd64
libbs2b0:amd64
libbsd0:amd64
libbz2-1.0:amd64
libc-bin
libc-dev-bin
libc-l10n
libc6:amd64
libc6-dev:amd64
libcaca0:amd64
libcairo-gobject2:amd64
libcairo2:amd64
libcaja-extension1:amd64
libcamd2:amd64
libcanberra-pulse:amd64
libcanberra0:amd64
libcap-ng0:amd64
libcap2:amd64
libcap2-bin
libcbor0:amd64
libcc1-0:amd64
libccolamd2:amd64
libcddb2
libcdio-cdda2:amd64
libcdio-paranoia2:amd64
libcdio19:amd64
libcdparanoia0:amd64
libcholmod3:amd64
libchromaprint1:amd64
libclone-perl
libcodec2-0.9:amd64
libcolamd2:amd64
libcolord2:amd64
libcolorhug2:amd64
libcom-err2:amd64
libcommon-sense-perl
libconfuse-common
libconfuse2:amd64
libcrypt-dev:amd64
libcrypt1:amd64
libcryptsetup12:amd64
libctf-nobfd0:amd64
libctf0:amd64
libcups2:amd64
libcurl3-gnutls:amd64
libcurl4:amd64
libcwidget4:amd64
libdaemon0:amd64
libdata-dump-perl
libdatrie1:amd64
libdav1d4:amd64
libdb5.3:amd64
libdbus-1-3:amd64
libdbus-glib-1-2:amd64
libdbusmenu-glib4:amd64
libdbusmenu-gtk3-4:amd64
libdc1394-25:amd64
libdca0:amd64
libdconf1:amd64
libde265-0:amd64
libdebconfclient0:amd64
libdeflate0:amd64
libdevmapper1.02.1:amd64
libdiscover2
libdns-export1110
libdouble-conversion3:amd64
libdpkg-perl
libdrm-amdgpu1:amd64
libdrm-common
libdrm-intel1:amd64
libdrm-nouveau2:amd64
libdrm-radeon1:amd64
libdrm2:amd64
libdv4:amd64
libdvbpsi10:amd64
libdvdnav4:amd64
libdvdread8:amd64
libdw1:amd64
libebml5:amd64
libedit2:amd64
libefiboot1:amd64
libefivar1:amd64
libegl-mesa0:amd64
libegl1:amd64
libelf1:amd64
libenchant-2-2:amd64
libencode-locale-perl
libepoxy0:amd64
liberror-perl
libestr0:amd64
libev-perl
libev4:amd64
libevdev2:amd64
libevent-2.1-7:amd64
libexempi8:amd64
libexif12:amd64
libexiv2-27:amd64
libexpat1:amd64
libext2fs2:amd64
libfaad2:amd64
libfakeroot:amd64
libfastjson4:amd64
libfdisk1:amd64
libffi-dev:amd64
libffi7:amd64
libfftw3-double3:amd64
libfftw3-single3:amd64
libfido2-1:amd64
libfile-basedir-perl
libfile-desktopentry-perl
libfile-fcntllock-perl
libfile-find-rule-perl
libfile-listing-perl
libfile-mimeinfo-perl
libflac8:amd64
libflite1:amd64
libfont-afm-perl
libfontconfig1:amd64
libfontenc1:amd64
libfreetype6:amd64
libfribidi0:amd64
libfstrm0:amd64
libfuse2:amd64
libgail-3-0:amd64
libgail-common:amd64
libgail18:amd64
libgbm1:amd64
libgc1:amd64
libgcc-10-dev:amd64
libgcc-s1:amd64
libgck-1-0:amd64
libgcr-base-3-1:amd64
libgcr-ui-3-1:amd64
libgcrypt20:amd64
libgd3:amd64
libgdata-common
libgdata22:amd64
libgdbm-compat4:amd64
libgdbm6:amd64
libgdk-pixbuf-2.0-0:amd64
libgdk-pixbuf-xlib-2.0-0:amd64
libgdk-pixbuf2.0-0:amd64
libgdk-pixbuf2.0-bin
libgdk-pixbuf2.0-common
libgegl-0.4-0:amd64
libgegl-common
libgexiv2-2:amd64
libgfortran5:amd64
libgif7:amd64
libgimp2.0:amd64
libgirara-gtk3-3:amd64
libgirepository-1.0-1:amd64
libgl1:amd64
libgl1-mesa-dri:amd64
libglade2-0:amd64
libglapi-mesa:amd64
libgles2:amd64
libglib2.0-0:amd64
libglib2.0-bin
libglib2.0-data
libglib2.0-dev:amd64
libglib2.0-dev-bin
libglvnd0:amd64
libglx-mesa0:amd64
libglx0:amd64
libgme0:amd64
libgmp10:amd64
libgnomecanvas2-0:amd64
libgnomecanvas2-common
libgnutls30:amd64
libgoa-1.0-0b:amd64
libgoa-1.0-common
libgomp1:amd64
libgpg-error0:amd64
libgpgme11:amd64
libgphoto2-6:amd64
libgphoto2-l10n
libgphoto2-port12:amd64
libgpm2:amd64
libgraphene-1.0-0:amd64
libgraphite2-3:amd64
libgroupsock8:amd64
libgs9:amd64
libgs9-common
libgsm1:amd64
libgssapi-krb5-2:amd64
libgstreamer-gl1.0-0:amd64
libgstreamer-plugins-base1.0-0:amd64
libgstreamer1.0-0:amd64
libgtk-3-0:amd64
libgtk-3-bin
libgtk-3-common
libgtk2.0-0:amd64
libgtk2.0-bin
libgtk2.0-common
libguard-perl
libgudev-1.0-0:amd64
libgusb2:amd64
libharfbuzz-icu0:amd64
libharfbuzz0b:amd64
libheif1:amd64
libhogweed6:amd64
libhtml-form-perl
libhtml-format-perl
libhtml-parser-perl
libhtml-tagset-perl
libhtml-tree-perl
libhttp-cookies-perl
libhttp-daemon-perl
libhttp-date-perl
libhttp-message-perl
libhttp-negotiate-perl
libhunspell-1.7-0:amd64
libhyphen0:amd64
libice6:amd64
libicu67:amd64
libid3tag0:amd64
libidn11:amd64
libidn2-0:amd64
libiec61883-0:amd64
libieee1284-3:amd64
libigdgmm11:amd64
libijs-0.35:amd64
libilmbase25:amd64
libimlib2:amd64
libimobiledevice6:amd64
libinput-bin
libinput10:amd64
libio-html-perl
libio-socket-ssl-perl
libio-stringy-perl
libip4tc2:amd64
libip6tc2:amd64
libipc-system-simple-perl
libisc-export1105:amd64
libisl23:amd64
libitm1:amd64
libiw30:amd64
libixml10:amd64
libjack-jackd2-0:amd64
libjansson4:amd64
libjavascriptcoregtk-4.0-18:amd64
libjbig0:amd64
libjbig2dec0:amd64
libjim0.79:amd64
libjpeg62-turbo:amd64
libjs-jquery
libjs-sizzle
libjson-c5:amd64
libjson-glib-1.0-0:amd64
libjson-glib-1.0-common
libjson-xs-perl
libk5crypto3:amd64
libkate1:amd64
libkeyutils1:amd64
libklibc:amd64
libkmod2:amd64
libkrb5-3:amd64
libkrb5support0:amd64
libksba8:amd64
liblapack3:amd64
liblcms2-2:amd64
libldap-2.4-2:amd64
libldap-common
libldb2:amd64
liblightdm-gobject-1-0:amd64
liblilv-0-0:amd64
liblinear4:amd64
liblirc-client0:amd64
liblivemedia77:amd64
libllvm11:amd64
liblmdb0:amd64
liblocale-gettext-perl
liblockfile-bin
liblognorm5:amd64
liblsan0:amd64
libltdl7:amd64
liblua5.2-0:amd64
liblua5.3-0:amd64
liblwp-mediatypes-perl
liblwp-protocol-https-perl
liblz4-1:amd64
liblzma5:amd64
liblzo2-2:amd64
libmad0:amd64
libmagic-mgc
libmagic1:amd64
libmailtools-perl
libmate-desktop-2-17:amd64
libmatroska7:amd64
libmaxminddb0:amd64
libmbim-glib4:amd64
libmbim-proxy
libmcrypt4
libmd4c0:amd64
libmetis5:amd64
libmfx1:amd64
libmhash2:amd64
libmm-glib0:amd64
libmng1:amd64
libmnl0:amd64
libmount-dev:amd64
libmount1:amd64
libmp3lame0:amd64
libmpc3:amd64
libmpcdec6:amd64
libmpeg2-4:amd64
libmpfr6:amd64
libmpg123-0:amd64
libmtdev1:amd64
libmtp-common
libmtp-runtime
libmtp9:amd64
libmypaint-1.5-1:amd64
libmypaint-common
libmysofa1:amd64
libncurses6:amd64
libncursesw6:amd64
libndp0:amd64
libnet-dbus-perl
libnet-http-perl
libnet-smtp-ssl-perl
libnet-ssleay-perl
libnetfilter-conntrack3:amd64
libnettle8:amd64
libnewt0.52:amd64
libnfnetlink0:amd64
libnfs13:amd64
libnftnl11:amd64
libnghttp2-14:amd64
libnl-3-200:amd64
libnl-genl-3-200:amd64
libnl-route-3-200:amd64
libnm0:amd64
libnma-common
libnma0:amd64
libnorm1:amd64
libnotify-bin
libnotify4:amd64
libnpth0:amd64
libnsl-dev:amd64
libnsl2:amd64
libnspr4:amd64
libnss-mdns:amd64
libnss-systemd:amd64
libnss3:amd64
libntfs-3g883
libnuma1:amd64
libnumber-compare-perl
libogg0:amd64
libopenexr25:amd64
libopenjp2-7:amd64
libopenmpt-modplug1:amd64
libopenmpt0:amd64
libopus0:amd64
liborc-0.4-0:amd64
libp11-kit0:amd64
libpam-gnome-keyring:amd64
libpam-modules:amd64
libpam-modules-bin
libpam-runtime
libpam-systemd:amd64
libpam0g:amd64
libpango-1.0-0:amd64
libpangocairo-1.0-0:amd64
libpangoft2-1.0-0:amd64
libpangoxft-1.0-0:amd64
libpaper-utils
libpaper1:amd64
libparted-fs-resize0:amd64
libparted2:amd64
libpcap0.8:amd64
libpci3:amd64
libpciaccess0:amd64
libpcre16-3:amd64
libpcre2-16-0:amd64
libpcre2-32-0:amd64
libpcre2-8-0:amd64
libpcre2-dev:amd64
libpcre2-posix2:amd64
libpcre3:amd64
libpcre3-dev:amd64
libpcre32-3:amd64
libpcrecpp0v5:amd64
libpcsclite1:amd64
libperl5.32:amd64
libpgm-5.3-0:amd64
libpipeline1:amd64
libpixman-1-0:amd64
libplacebo72:amd64
libplist3:amd64
libplymouth5:amd64
libpng16-16:amd64
libpocketsphinx3:amd64
libpolkit-agent-1-0:amd64
libpolkit-gobject-1-0:amd64
libpoppler-glib8:amd64
libpoppler102:amd64
libpopt0:amd64
libpostproc55:amd64
libprocps8:amd64
libprotobuf-c1:amd64
libprotobuf-lite23:amd64
libproxy-tools
libproxy1v5:amd64
libpsl5:amd64
libpulse0:amd64
libpulsedsp:amd64
libpython2.7-minimal:amd64
libpython2.7-stdlib:amd64
libpython3-stdlib:amd64
libpython3.9:amd64
libpython3.9-minimal:amd64
libpython3.9-stdlib:amd64
libqmi-glib5:amd64
libqmi-proxy
libqt5core5a:amd64
libqt5dbus5:amd64
libqt5gui5:amd64
libqt5network5:amd64
libqt5svg5:amd64
libqt5widgets5:amd64
libqt5x11extras5:amd64
libquadmath0:amd64
librabbitmq4:amd64
libraw1394-11:amd64
libraw20:amd64
libreadline8:amd64
libresid-builder0c2a
librest-0.7-0:amd64
librsvg2-2:amd64
librsvg2-common:amd64
librtmp1:amd64
librubberband2:amd64
libruby2.7:amd64
libsamplerate0:amd64
libsane:amd64
libsane-common
libsane1:amd64
libsasl2-2:amd64
libsasl2-modules:amd64
libsasl2-modules-db:amd64
libsbc1:amd64
libsdl-image1.2:amd64
libsdl1.2debian:amd64
libsdl2-2.0-0:amd64
libseccomp2:amd64
libsecret-1-0:amd64
libsecret-common
libselinux1:amd64
libselinux1-dev:amd64
libsemanage-common
libsemanage1:amd64
libsensors-config
libsensors5:amd64
libsepol1:amd64
libsepol1-dev:amd64
libserd-0-0:amd64
libshine3:amd64
libshout3:amd64
libsidplay2
libsigc++-2.0-0v5:amd64
libsigsegv2:amd64
libslang2:amd64
libsm6:amd64
libsmartcols1:amd64
libsmbclient:amd64
libsnappy1v5:amd64
libsndfile1:amd64
libsndio7.0:amd64
libsnmp-base
libsnmp40:amd64
libsodium23:amd64
libsord-0-0:amd64
libsoup-gnome2.4-1:amd64
libsoup2.4-1:amd64
libsoxr0:amd64
libspatialaudio0:amd64
libspeex1:amd64
libspeexdsp1:amd64
libsphinxbase3:amd64
libsqlite3-0:amd64
libsratom-0-0:amd64
libss2:amd64
libssh-gcrypt-4:amd64
libssh2-1:amd64
libssl1.1:amd64
libstartup-notification0:amd64
libstdc++-10-dev:amd64
libstdc++6:amd64
libsuitesparseconfig5:amd64
libswresample3:amd64
libswscale5:amd64
libsynctex2:amd64
libsystemd0:amd64
libtag1v5:amd64
libtag1v5-vanilla:amd64
libtalloc2:amd64
libtasn1-6:amd64
libtcl8.6:amd64
libtdb1:amd64
libteamdctl0:amd64
libtevent0:amd64
libtext-charwidth-perl
libtext-glob-perl
libtext-iconv-perl
libtext-wrapi18n-perl
libthai-data
libthai0:amd64
libtheora0:amd64
libtie-ixhash-perl
libtiff5:amd64
libtimedate-perl
libtinfo6:amd64
libtirpc-common
libtirpc-dev:amd64
libtirpc3:amd64
libtry-tiny-perl
libtsan0:amd64
libtspi1
libtwolame0:amd64
libtypes-serialiser-perl
libubsan1:amd64
libuchardet0:amd64
libudev1:amd64
libudfread0:amd64
libudisks2-0:amd64
libumfpack5:amd64
libunistring2:amd64
libunwind8:amd64
libupnp13:amd64
libupower-glib3:amd64
liburi-perl
libusageenvironment3:amd64
libusb-0.1-4:amd64
libusb-1.0-0:amd64
libusbmuxd6:amd64
libuuid1:amd64
libuv1:amd64
libv4l-0:amd64
libv4lconvert0:amd64
libva-drm2:amd64
libva-wayland2:amd64
libva-x11-2:amd64
libva2:amd64
libvdpau-va-gl1:amd64
libvdpau1:amd64
libvidstab1.1:amd64
libvisual-0.4-0:amd64
libvlc-bin:amd64
libvlc5:amd64
libvlccore9:amd64
libvncclient1:amd64
libvolume-key1
libvorbis0a:amd64
libvorbisenc2:amd64
libvorbisfile3:amd64
libvpx6:amd64
libvulkan1:amd64
libwacom-bin
libwacom-common
libwacom2:amd64
libwavpack1:amd64
libwayland-client0:amd64
libwayland-cursor0:amd64
libwayland-egl1:amd64
libwayland-server0:amd64
libwbclient0:amd64
libwebkit2gtk-4.0-37:amd64
libwebp6:amd64
libwebpdemux2:amd64
libwebpmux3:amd64
libwebrtc-audio-processing1:amd64
libwmf0.2-7:amd64
libwoff1:amd64
libwpe-1.0-1:amd64
libwpebackend-fdo-1.0-1:amd64
libwrap0:amd64
libwww-perl
libwww-robotrules-perl
libx11-6:amd64
libx11-data
libx11-protocol-perl
libx11-xcb1:amd64
libx264-160:amd64
libx265-192:amd64
libxapian30:amd64
libxatracker2:amd64
libxau6:amd64
libxaw7:amd64
libxcb-composite0:amd64
libxcb-cursor0:amd64
libxcb-dri2-0:amd64
libxcb-dri3-0:amd64
libxcb-ewmh2:amd64
libxcb-glx0:amd64
libxcb-icccm4:amd64
libxcb-image0:amd64
libxcb-keysyms1:amd64
libxcb-present0:amd64
libxcb-randr0:amd64
libxcb-render-util0:amd64
libxcb-render0:amd64
libxcb-screensaver0:amd64
libxcb-shape0:amd64
libxcb-shm0:amd64
libxcb-sync1:amd64
libxcb-util1:amd64
libxcb-xfixes0:amd64
libxcb-xinerama0:amd64
libxcb-xinput0:amd64
libxcb-xkb1:amd64
libxcb-xrm0:amd64
libxcb-xv0:amd64
libxcb1:amd64
libxcomposite1:amd64
libxcursor1:amd64
libxdamage1:amd64
libxdmcp6:amd64
libxext6:amd64
libxfixes3:amd64
libxfont2:amd64
libxft2:amd64
libxi6:amd64
libxinerama1:amd64
libxkbcommon-x11-0:amd64
libxkbcommon0:amd64
libxkbfile1:amd64
libxklavier16:amd64
libxml-parser-perl:amd64
libxml-twig-perl
libxml-xpathengine-perl
libxml2:amd64
libxmu6:amd64
libxmuu1:amd64
libxpm4:amd64
libxrandr2:amd64
libxrender1:amd64
libxshmfence1:amd64
libxslt1.1:amd64
libxss1:amd64
libxt6:amd64
libxtables12:amd64
libxtst6:amd64
libxv1:amd64
libxvidcore4:amd64
libxvmc1:amd64
libxxf86dga1:amd64
libxxf86vm1:amd64
libxxhash0:amd64
libyajl2:amd64
libyaml-0-2:amd64
libyelp0:amd64
libz3-4:amd64
libzmq5:amd64
libzstd1:amd64
libzvbi-common
libzvbi0:amd64
lightdm
lightdm-gtk-greeter
linux-base
linux-compiler-gcc-10-x86
linux-headers-5.9.0-4-amd64
linux-headers-5.9.0-4-common
linux-headers-5.9.0-5-amd64
linux-headers-5.9.0-5-common
linux-headers-amd64
linux-image-5.9.0-4-amd64
linux-image-5.9.0-5-amd64
linux-image-amd64
linux-kbuild-5.9
linux-libc-dev:amd64
locales
login
logrotate
logsave
lsb-base
lsb-release
lsof
lua-lpeg:amd64
mailcap
make
man-db
manpages
manpages-dev
mate-desktop
mate-desktop-common
mate-user-guide
mawk
media-types
mesa-va-drivers:amd64
mesa-vdpau-drivers:amd64
mesa-vulkan-drivers:amd64
mime-support
mobile-broadband-provider-info
modemmanager
mokutil
mount
mypaint-brushes
nano
ncal
ncurses-base
ncurses-bin
ncurses-term
netbase
netcat-traditional
network-manager
network-manager-gnome
nmap
nmap-common
nmon
node-jquery
ntfs-3g
numix-gtk-theme
numix-icon-theme
ocl-icd-libopencl1:amd64
openssh-client
openssh-server
openssh-sftp-server
openssl
os-prober
p11-kit
p11-kit-modules:amd64
p7zip
p7zip-full
p7zip-rar
parted
passwd
patch
pci.ids
pciutils
perl
perl-base
perl-modules-5.32
perl-openssl-defaults:amd64
pinentry-curses
pinentry-gnome3
pkg-config
plymouth
plymouth-label
pocketsphinx-en-us
policykit-1
policykit-1-gnome
poppler-data
popularity-contest
powerline
powerline-gitstatus
powermgmt-base
powertop
ppp
procps
psmisc
publicsuffix
pulseaudio
pulseaudio-module-bluetooth
pulseaudio-utils
python-apt-common
python2.7
python2.7-minimal
python3
python3-apt
python3-certifi
python3-chardet
python3-debconf
python3-debian
python3-debianbts
python3-distro
python3-distutils
python3-gi
python3-httplib2
python3-idna
python3-ldb
python3-lib2to3
python3-minimal
python3-pkg-resources
python3-powerline
python3-powerline-gitstatus
python3-psutil
python3-pycurl
python3-pysimplesoap
python3-reportbug
python3-requests
python3-six
python3-talloc:amd64
python3-urllib3
python3.9
python3.9-minimal
qt5-gtk-platformtheme:amd64
qttranslations5-l10n
rake
ranger
rclone
readline-common
reportbug
rfkill
rofi
rsync
rsyslog
rtkit
ruby
ruby-minitest
ruby-net-telnet
ruby-power-assert
ruby-rubygems
ruby-test-unit
ruby-xmlrpc
ruby2.7
rubygems-integration
runit-helper
rxvt-unicode
samba-libs:amd64
sane-utils
sed
sensible-utils
sgml-base
sgml-data
shared-mime-info
shim-helpers-amd64-signed
shim-signed:amd64
shim-signed-common
shim-unsigned
sound-theme-freedesktop
steghide
suckless-tools
sudo
sysstat
systemd
systemd-sysv
systemd-timesyncd
sysvinit-utils
tar
task-english
task-laptop
task-ssh-server
tasksel
tasksel-data
tcl-expect:amd64
tcl8.6
telnet
thunderbird
tlp
tlp-rdw
traceroute
tree
tzdata
ucf
udev
udftools
udisks2
unzip
update-inetd
upower
usb-modeswitch
usb-modeswitch-data
usb.ids
usbmuxd
usbutils
usrmerge
util-linux
util-linux-locales
uuid-dev:amd64
va-driver-all:amd64
vdpau-driver-all:amd64
vifm
vim
vim-addon-manager
vim-airline
vim-airline-themes
vim-common
vim-fugitive
vim-gtk
vim-gtk3
vim-gui-common
vim-runtime
vim-tiny
vlc
vlc-bin
vlc-data
vlc-l10n
vlc-plugin-access-extra:amd64
vlc-plugin-base:amd64
vlc-plugin-notify:amd64
vlc-plugin-qt:amd64
vlc-plugin-samba:amd64
vlc-plugin-skins2:amd64
vlc-plugin-video-output:amd64
vlc-plugin-video-splitter:amd64
vlc-plugin-visualization:amd64
w3m
w3m-img
wamerican
wget
whiptail
wireless-regdb
wireless-tools
wpasupplicant
x11-common
x11-utils
x11-xkb-utils
x11-xserver-utils
xauth
xbacklight
xdg-dbus-proxy
xdg-user-dirs
xdg-utils
xfonts-base
xfonts-encodings
xfonts-utils
xkb-data
xml-core
xournal
xsel
xserver-common
xserver-xorg
xserver-xorg-core
xserver-xorg-input-all
xserver-xorg-input-libinput
xserver-xorg-input-wacom
xserver-xorg-legacy
xserver-xorg-video-all
xserver-xorg-video-amdgpu
xserver-xorg-video-ati
xserver-xorg-video-fbdev
xserver-xorg-video-intel
xserver-xorg-video-nouveau
xserver-xorg-video-qxl
xserver-xorg-video-radeon
xserver-xorg-video-vesa
xserver-xorg-video-vmware
xsettingsd
xss-lock
xxd
xz-utils
yelp
yelp-xsl
zathura
zathura-pdf-poppler
zenity
zenity-common
zip
zlib1g:amd64
zlib1g-dev:amd64
